TN:
SF:D:\NodeJs\nodedev\nodedev-db\index.js
FN:10,(anonymous_0)
FNF:1
FNH:1
FNDA:13,(anonymous_0)
DA:3,13
DA:4,13
DA:5,13
DA:6,13
DA:7,13
DA:8,13
DA:10,13
DA:11,13
DA:23,13
DA:24,13
DA:25,13
DA:27,13
DA:28,13
DA:30,13
DA:32,13
DA:33,0
DA:36,13
DA:37,13
DA:39,13
LF:19
LH:18
BRDA:32,0,0,0
BRDA:32,0,1,13
BRF:2
BRH:1
end_of_record
TN:
SF:D:\NodeJs\nodedev\nodedev-db\lib\agent.js
FN:3,setupAgent
FN:4,createOrUpdate
FN:21,findById
FN:25,findByUuid
FN:33,findAll
FN:37,findConnected
FN:45,findByUserName
FNF:7
FNH:6
FNDA:13,setupAgent
FNDA:2,createOrUpdate
FNDA:1,findById
FNDA:0,findByUuid
FNDA:1,findAll
FNDA:1,findConnected
FNDA:1,findByUserName
DA:3,2
DA:5,2
DA:11,2
DA:12,2
DA:13,1
DA:14,1
DA:17,1
DA:18,1
DA:22,1
DA:26,0
DA:34,1
DA:38,1
DA:46,1
DA:54,13
LF:14
LH:13
BRDA:12,0,0,1
BRDA:12,0,1,1
BRDA:14,1,0,1
BRDA:14,1,1,0
BRF:4
BRH:3
end_of_record
TN:
SF:D:\NodeJs\nodedev\nodedev-db\lib\db.js
FN:8,setupDatabase
FNF:1
FNH:1
FNDA:13,setupDatabase
DA:3,2
DA:4,2
DA:6,2
DA:8,2
DA:9,13
DA:10,2
DA:11,2
DA:13,13
LF:8
LH:8
BRDA:9,0,0,2
BRDA:9,0,1,11
BRF:2
BRH:2
end_of_record
TN:
SF:D:\NodeJs\nodedev\nodedev-db\lib\metric.js
FN:3,setupMetric
FN:4,findByAgentUuid
FN:20,findByTypeAgentUuid
FN:38,create
FNF:4
FNH:4
FNDA:13,setupMetric
FNDA:1,findByAgentUuid
FNDA:1,findByTypeAgentUuid
FNDA:1,create
DA:3,2
DA:5,1
DA:21,1
DA:39,1
DA:45,1
DA:46,1
DA:47,1
DA:48,1
DA:51,13
LF:9
LH:9
BRDA:45,0,0,1
BRDA:45,0,1,0
BRF:2
BRH:1
end_of_record
TN:
SF:D:\NodeJs\nodedev\nodedev-db\models\agent.js
FN:6,setupAgentModel
FNF:1
FNH:0
FNDA:0,setupAgentModel
DA:3,2
DA:4,2
DA:6,2
DA:7,0
DA:9,0
LF:5
LH:3
BRF:0
BRH:0
end_of_record
TN:
SF:D:\NodeJs\nodedev\nodedev-db\models\metric.js
FN:6,setupMetrictModel
FNF:1
FNH:0
FNDA:0,setupMetrictModel
DA:3,2
DA:4,2
DA:6,2
DA:7,0
DA:9,0
LF:5
LH:3
BRF:0
BRH:0
end_of_record
TN:
SF:D:\NodeJs\nodedev\nodedev-db\tests\agent-tests.js
FN:10,(anonymous_4)
FN:52,(anonymous_5)
FN:81,(anonymous_6)
FN:82,(anonymous_7)
FN:88,(anonymous_8)
FN:92,(anonymous_9)
FN:96,(anonymous_10)
FN:103,(anonymous_11)
FN:113,(anonymous_12)
FN:123,(anonymous_13)
FN:138,(anonymous_14)
FN:149,(anonymous_15)
FN:160,(anonymous_16)
FNF:13
FNH:13
FNDA:8,(anonymous_4)
FNDA:8,(anonymous_5)
FNDA:8,(anonymous_6)
FNDA:8,(anonymous_7)
FNDA:8,(anonymous_8)
FNDA:1,(anonymous_9)
FNDA:1,(anonymous_10)
FNDA:1,(anonymous_11)
FNDA:1,(anonymous_12)
FNDA:1,(anonymous_13)
FNDA:1,(anonymous_14)
FNDA:1,(anonymous_15)
FNDA:1,(anonymous_16)
DA:3,1
DA:4,1
DA:5,1
DA:7,1
DA:9,1
DA:13,1
DA:17,1
DA:18,1
DA:19,1
DA:20,1
DA:21,1
DA:22,1
DA:24,1
DA:30,1
DA:37,1
DA:43,1
DA:52,1
DA:53,8
DA:54,8
DA:59,8
DA:60,8
DA:63,8
DA:64,8
DA:65,8
DA:66,8
DA:69,8
DA:70,8
DA:73,8
DA:74,8
DA:77,8
DA:78,8
DA:80,8
DA:81,8
DA:82,8
DA:85,8
DA:88,1
DA:89,8
DA:92,1
DA:93,1
DA:96,4
DA:97,1
DA:98,1
DA:99,1
DA:100,1
DA:103,3
DA:104,1
DA:106,1
DA:107,1
DA:108,1
DA:110,1
DA:113,3
DA:114,1
DA:116,1
DA:117,1
DA:118,1
DA:120,1
DA:123,6
DA:124,1
DA:126,1
DA:127,1
DA:128,1
DA:131,1
DA:132,1
DA:133,1
DA:135,1
DA:138,3
DA:139,1
DA:141,1
DA:142,1
DA:143,1
DA:145,1
DA:146,1
DA:149,3
DA:150,1
DA:152,1
DA:153,1
DA:154,1
DA:156,1
DA:157,1
DA:160,3
DA:161,1
DA:163,1
DA:164,1
DA:165,1
DA:167,1
DA:168,1
LF:86
LH:86
BRDA:89,0,0,8
BRDA:89,0,1,8
BRF:2
BRH:2
end_of_record
TN:
SF:D:\NodeJs\nodedev\nodedev-db\tests\metric-tests.js
FN:61,(anonymous_4)
FN:91,(anonymous_5)
FN:92,(anonymous_6)
FN:98,(anonymous_7)
FN:102,(anonymous_8)
FN:106,(anonymous_9)
FN:113,(anonymous_10)
FN:123,(anonymous_11)
FN:133,(anonymous_12)
FNF:9
FNH:9
FNDA:5,(anonymous_4)
FNDA:5,(anonymous_5)
FNDA:5,(anonymous_6)
FNDA:5,(anonymous_7)
FNDA:1,(anonymous_8)
FNDA:1,(anonymous_9)
FNDA:1,(anonymous_10)
FNDA:1,(anonymous_11)
FNDA:1,(anonymous_12)
DA:3,1
DA:4,1
DA:5,1
DA:7,1
DA:8,1
DA:10,1
DA:14,1
DA:15,1
DA:16,1
DA:17,1
DA:18,1
DA:19,1
DA:21,1
DA:25,1
DA:38,1
DA:55,1
DA:61,1
DA:62,5
DA:64,5
DA:68,5
DA:73,5
DA:74,5
DA:76,5
DA:77,5
DA:78,1
DA:81,5
DA:82,5
DA:85,5
DA:86,5
DA:87,5
DA:88,5
DA:90,5
DA:91,5
DA:92,5
DA:95,5
DA:98,1
DA:99,5
DA:102,1
DA:103,1
DA:106,4
DA:107,1
DA:108,1
DA:109,1
DA:110,1
DA:113,3
DA:114,1
DA:116,1
DA:117,1
DA:118,1
DA:120,1
DA:123,3
DA:124,1
DA:126,1
DA:127,1
DA:128,1
DA:130,1
DA:133,6
DA:134,1
DA:136,1
DA:137,1
DA:138,1
DA:140,1
DA:141,1
DA:142,1
DA:144,1
LF:65
LH:65
BRDA:99,0,0,5
BRDA:99,0,1,5
BRF:2
BRH:2
end_of_record
TN:
SF:D:\NodeJs\nodedev\nodedev-db\tests\fixtures\agent.js
FN:30,(anonymous_0)
FN:31,(anonymous_1)
FN:32,(anonymous_2)
FN:32,(anonymous_3)
FN:33,(anonymous_4)
FN:33,(anonymous_5)
FNF:6
FNH:6
FNDA:8,(anonymous_0)
FNDA:8,(anonymous_1)
FNDA:13,(anonymous_2)
FNDA:52,(anonymous_3)
FNDA:11,(anonymous_4)
FNDA:44,(anonymous_5)
DA:3,2
DA:5,2
DA:6,2
DA:18,2
DA:27,2
DA:30,8
DA:31,8
DA:32,52
DA:33,44
LF:9
LH:9
BRF:0
BRH:0
end_of_record
TN:
SF:D:\NodeJs\nodedev\nodedev-db\tests\fixtures\metric.js
FN:24,findByAgentUuid
FN:25,(anonymous_1)
FN:25,(anonymous_2)
FN:34,findByTypeAgentUuid
FN:35,(anonymous_4)
FN:35,(anonymous_5)
FNF:6
FNH:6
FNDA:6,findByAgentUuid
FNDA:24,(anonymous_1)
FNDA:24,(anonymous_2)
FNDA:6,findByTypeAgentUuid
FNDA:24,(anonymous_4)
FNDA:18,(anonymous_5)
DA:3,1
DA:4,1
DA:6,1
DA:8,1
DA:17,1
DA:25,24
DA:26,24
DA:28,24
DA:30,24
DA:35,24
DA:36,18
DA:38,18
DA:39,18
DA:41,18
DA:45,1
LF:15
LH:15
BRDA:25,0,0,24
BRDA:25,0,1,0
BRDA:35,1,0,24
BRDA:35,1,1,18
BRDA:35,2,0,18
BRDA:35,2,1,0
BRF:6
BRH:4
end_of_record
TN:
SF:D:\NodeJs\nodedev\nodedev-db\utils\utils.js
FN:3,extend
FN:8,sortBy
FN:9,(anonymous_2)
FNF:3
FNH:3
FNDA:9,extend
FNDA:6,sortBy
FNDA:12,(anonymous_2)
DA:4,9
DA:5,9
DA:9,6
DA:10,12
DA:11,12
DA:13,12
DA:14,0
DA:15,12
DA:16,0
DA:18,12
DA:23,2
LF:11
LH:9
BRDA:13,0,0,0
BRDA:13,0,1,12
BRDA:15,1,0,0
BRDA:15,1,1,12
BRF:4
BRH:2
end_of_record
